<?xml version="1.0" encoding="utf-8"?><testsuites name="pytest tests"><testsuite name="pytest" errors="0" failures="0" skipped="0" tests="7" time="10.310" timestamp="2026-03-19T20:41:00.431139+00:00" hostname="agent-env-7ea2c589-3d8a-4c91-850f-2cd83fe9c7b0"><testcase classname="backend.tests.test_jarvis_api.TestHealthCheck" name="test_health_check" time="0.615" /><testcase classname="backend.tests.test_jarvis_api.TestConversations" name="test_create_conversation" time="0.899" /><testcase classname="backend.tests.test_jarvis_api.TestConversations" name="test_list_conversations" time="0.433" /><testcase classname="backend.tests.test_jarvis_api.TestConversations" name="test_get_conversation_with_messages" time="0.869" /><testcase classname="backend.tests.test_jarvis_api.TestConversations" name="test_delete_conversation" time="1.197" /><testcase classname="backend.tests.test_jarvis_api.TestChat" name="test_chat_text_message" time="3.366" /><testcase classname="backend.tests.test_jarvis_api.TestTTS" name="test_tts_generation" time="2.899" /></testsuite></testsuites>